-------------------------------------------------------------------------------
Test set: bgu.spl.mics.MessageBusTest
-------------------------------------------------------------------------------
Tests run: 5, Failures: 5, Errors: 0, Skipped: 0, Time elapsed: 0.005 sec <<< FAILURE! - in bgu.spl.mics.MessageBusTest
bgu.spl.mics.MessageBusTest.testType()  Time elapsed: 0 sec  <<< FAILURE!
org.opentest4j.AssertionFailedError: expected: not <null>
	at org.junit.jupiter.api.AssertionUtils.fail(AssertionUtils.java:39)
	at org.junit.jupiter.api.Assertions.fail(Assertions.java:117)
	at org.junit.jupiter.api.AssertNotNull.failNull(AssertNotNull.java:47)
	at org.junit.jupiter.api.AssertNotNull.assertNotNull(AssertNotNull.java:36)
	at org.junit.jupiter.api.AssertNotNull.assertNotNull(AssertNotNull.java:31)
	at org.junit.jupiter.api.Assertions.assertNotNull(Assertions.java:283)
	at bgu.spl.mics.MessageBusTest.testType(MessageBusTest.java:28)

bgu.spl.mics.MessageBusTest.testSubscribeEvent()  Time elapsed: 0 sec  <<< FAILURE!
java.lang.NullPointerException
	at bgu.spl.mics.MessageBusTest.testSubscribeEvent(MessageBusTest.java:38)

bgu.spl.mics.MessageBusTest.testSubscribeBroadcast()  Time elapsed: 0 sec  <<< FAILURE!
java.lang.NullPointerException
	at bgu.spl.mics.MessageBusTest.testSubscribeBroadcast(MessageBusTest.java:52)

bgu.spl.mics.MessageBusTest.testComplete()  Time elapsed: 0.004 sec  <<< FAILURE!
java.lang.NullPointerException
	at bgu.spl.mics.MessageBusTest.testComplete(MessageBusTest.java:71)

bgu.spl.mics.MessageBusTest.testAwaitMessage()  Time elapsed: 0 sec  <<< FAILURE!
java.lang.NullPointerException
	at bgu.spl.mics.MessageBusTest.testAwaitMessage(MessageBusTest.java:108)

