-------------------------------------------------------------------------------
Test set: bgu.spl.mics.EwokTest
-------------------------------------------------------------------------------
Tests run: 2, Failures: 2, Errors: 0, Skipped: 0, Time elapsed: 0.023 sec <<< FAILURE! - in bgu.spl.mics.EwokTest
bgu.spl.mics.EwokTest.testAcquire()  Time elapsed: 0.018 sec  <<< FAILURE!
org.opentest4j.AssertionFailedError: Unexpected exception thrown: java.lang.NullPointerException
	at org.junit.jupiter.api.AssertDoesNotThrow.createAssertionFailedError(AssertDoesNotThrow.java:83)
	at org.junit.jupiter.api.AssertDoesNotThrow.assertDoesNotThrow(AssertDoesNotThrow.java:54)
	at org.junit.jupiter.api.AssertDoesNotThrow.assertDoesNotThrow(AssertDoesNotThrow.java:37)
	at org.junit.jupiter.api.Assertions.assertDoesNotThrow(Assertions.java:3060)
	at bgu.spl.mics.EwokTest.testAcquire(EwokTest.java:22)
Caused by: java.lang.NullPointerException
	at bgu.spl.mics.EwokTest.lambda$testAcquire$0(EwokTest.java:23)
	at bgu.spl.mics.EwokTest.lambda$testAcquire$2(EwokTest.java:34)
	at org.junit.jupiter.api.AssertDoesNotThrow.assertDoesNotThrow(AssertDoesNotThrow.java:50)
	... 15 more

bgu.spl.mics.EwokTest.testRelease()  Time elapsed: 0.004 sec  <<< FAILURE!
org.opentest4j.AssertionFailedError: Unexpected exception thrown: java.lang.NullPointerException
	at org.junit.jupiter.api.AssertDoesNotThrow.createAssertionFailedError(AssertDoesNotThrow.java:83)
	at org.junit.jupiter.api.AssertDoesNotThrow.assertDoesNotThrow(AssertDoesNotThrow.java:54)
	at org.junit.jupiter.api.AssertDoesNotThrow.assertDoesNotThrow(AssertDoesNotThrow.java:37)
	at org.junit.jupiter.api.Assertions.assertDoesNotThrow(Assertions.java:3060)
	at bgu.spl.mics.EwokTest.testRelease(EwokTest.java:47)
Caused by: java.lang.NullPointerException
	at bgu.spl.mics.EwokTest.lambda$testRelease$3(EwokTest.java:47)
	at org.junit.jupiter.api.AssertDoesNotThrow.assertDoesNotThrow(AssertDoesNotThrow.java:50)
	... 15 more

