<?xml version="1.0" encoding="UTF-8"?>
<testsuite xmlns:xsi="http://www.w3.org/2001/XMLSchema-instance" xsi:schemaLocation="https://maven.apache.org/surefire/maven-surefire-plugin/xsd/surefire-test-report.xsd" name="bgu.spl.mics.EwokTest" time="0.023" tests="2" errors="0" skipped="0" failures="2">
  <properties>
[...]
</properties>
  <testcase name="bgu.spl.mics.EwokTest.testAcquire" classname="bgu.spl.mics.EwokTest" time="0.018">
    <failure message="Unexpected exception thrown: java.lang.NullPointerException" type="org.opentest4j.AssertionFailedError">org.opentest4j.AssertionFailedError: Unexpected exception thrown: java.lang.NullPointerException
	at org.junit.jupiter.api.AssertDoesNotThrow.createAssertionFailedError(AssertDoesNotThrow.java:83)
	at org.junit.jupiter.api.AssertDoesNotThrow.assertDoesNotThrow(AssertDoesNotThrow.java:54)
	at org.junit.jupiter.api.AssertDoesNotThrow.assertDoesNotThrow(AssertDoesNotThrow.java:37)
	at org.junit.jupiter.api.Assertions.assertDoesNotThrow(Assertions.java:3060)
	at bgu.spl.mics.EwokTest.testAcquire(EwokTest.java:22)
Caused by: java.lang.NullPointerException
	at bgu.spl.mics.EwokTest.lambda$testAcquire$0(EwokTest.java:23)
	at bgu.spl.mics.EwokTest.lambda$testAcquire$2(EwokTest.java:34)
	at org.junit.jupiter.api.AssertDoesNotThrow.assertDoesNotThrow(AssertDoesNotThrow.java:50)
	... 15 more
</failure>
  </testcase>
  <testcase name="bgu.spl.mics.EwokTest.testRelease" classname="bgu.spl.mics.EwokTest" time="0.004">
    <failure message="Unexpected exception thrown: java.lang.NullPointerException" type="org.opentest4j.AssertionFailedError">org.opentest4j.AssertionFailedError: Unexpected exception thrown: java.lang.NullPointerException
	at org.junit.jupiter.api.AssertDoesNotThrow.createAssertionFailedError(AssertDoesNotThrow.java:83)
	at org.junit.jupiter.api.AssertDoesNotThrow.assertDoesNotThrow(AssertDoesNotThrow.java:54)
	at org.junit.jupiter.api.AssertDoesNotThrow.assertDoesNotThrow(AssertDoesNotThrow.java:37)
	at org.junit.jupiter.api.Assertions.assertDoesNotThrow(Assertions.java:3060)
	at bgu.spl.mics.EwokTest.testRelease(EwokTest.java:47)
Caused by: java.lang.NullPointerException
	at bgu.spl.mics.EwokTest.lambda$testRelease$3(EwokTest.java:47)
	at org.junit.jupiter.api.AssertDoesNotThrow.assertDoesNotThrow(AssertDoesNotThrow.java:50)
	... 15 more
</failure>
  </testcase>
</testsuite>